Arguments: 
  C:\Users\lk\scoop\apps\nvm\current\nodejs\nodejs\node.exe C:\Users\lk\scoop\apps\yarn\current\bin\yarn.js

PATH: 
  C:\Program Files\PowerShell\7;C:\Program Files (x86)\VMware\VMware Workstation\bin\;C:\Program Files\Eclipse Adoptium\jdk-17.0.2.8-hotspot\bin;C:\Program Files\Microsoft\jdk-11.0.12.7-hotspot\bin;C:\Windows\system32;C:\Windows;C:\Windows\System32\Wbem;C:\Windows\System32\WindowsPowerShell\v1.0\;C:\Windows\System32\OpenSSH\;C:\Program Files\NVIDIA Corporation\NVIDIA NvDLISR;C:\WINDOWS\system32;C:\WINDOWS;C:\WINDOWS\System32\Wbem;C:\WINDOWS\System32\WindowsPowerShell\v1.0\;C:\WINDOWS\System32\OpenSSH\;C:\Users\lk\scoop\apps\scoop\current\bin;C:\Program Files\Go\bin;C:\Program Files\Microsoft SQL Server\150\Tools\Binn\;C:\Program Files\Microsoft SQL Server\Client SDK\ODBC\170\Tools\Binn\;C:\Program Files\PuTTY\;C:\Program Files\dotnet\;C:\Program Files (x86)\Tencent\微信web开发者工具\dll;C:\Program Files\PowerShell\7\;C:\Program Files (x86)\NVIDIA Corporation\PhysX\Common;C:\WINDOWS\system32;C:\WINDOWS;C:\WINDOWS\System32\Wbem;C:\WINDOWS\System32\WindowsPowerShell\v1.0\;C:\WINDOWS\System32\OpenSSH\;C:\Users\lk\scoop\apps\microsoft17-jdk\current\bin;C:\Users\lk\scoop\apps\yarn\current\global\node_modules\.bin;C:\Users\lk\scoop\apps\yarn\current\bin;C:\Users\lk\.cargo\bin;C:\Users\lk\scoop\apps\yarn\current\Yarn\bin;C:\Users\lk\scoop\apps\nvm\current\nodejs\nodejs;C:\Users\lk\scoop\shims;C:\Users\lk\AppData\Local\Microsoft\WindowsApps;C:\Users\lk\AppData\Local\Programs\Microsoft VS Code Insiders\bin;C:\Users\lk\go\bin;C:\Program Files\Bandizip\;C:\Program Files\JetBrains\GoLand 2021.3.1\bin;C:\IntelliJ IDEA 2021.3.1\bin;C:\Users\lk\.dotnet\tools;C:\Users\lk\AppData\Local\Microsoft\WindowsApps;C:\Program Files\JetBrains\DataGrip 2022.1\bin

Yarn version: 
  1.22.18

Node version: 
  16.13.2

Platform: 
  win32 x64

Trace: 
  Error: connect ETIMEDOUT 20.205.243.166:443
      at TCPConnectWrap.afterConnect [as oncomplete] (node:net:1161:16)

npm manifest: 
  {
    "name": "netflix-clone",
    "version": "0.1.0",
    "scripts": {
      "dev": "vite",
      "build": "vue-tsc --noEmit --skipLibCheck && vite build",
      "preview": "vite preview"
    },
    "dependencies": {
      "@fortawesome/fontawesome-svg-core": "^6.1.1",
      "@fortawesome/free-brands-svg-icons": "^5.15.4",
      "@fortawesome/free-solid-svg-icons": "^5.15.4",
      "@fortawesome/vue-fontawesome": "^3.0.0-5",
      "axios": "^0.26.1",
      "click-outside-vue3": "^4.0.1",
      "element-plus": "^2.1.4",
      "sass": "^1.46.0",
      "sass-loader": "^12.4.0",
      "unplugin-auto-import": "^0.6.6",
      "unplugin-vue-components": "^0.18.4",
      "vue": "^3.2.25",
      "vue-plyr": "^7.0.0",
      "vue-router": "4",
      "vuex": "^4.0.2"
    },
    "devDependencies": {
      "@vitejs/plugin-vue": "^2.0.0",
      "tslib": "^2.3.1",
      "typescript": "^4.4.4",
      "vite": "^2.7.2",
      "vue-tsc": "^0.29.8"
    },
    "main": "vite.config.js",
    "author": "cat",
    "license": "MIT",
    "description": "This is a netflix clone UI"
  }

yarn manifest: 
  No manifest

Lockfile: 
  No lockfile
